Re = 15
Starting LBM simulation...
Grid: 128 x 50
tau = 0.65, u_in = 0.075
Step 0 completed
Step 100 completed
Step 200 completed
Step 300 completed
Step 400 completed
Step 500 completed
Step 600 completed
Step 700 completed
Step 800 completed
Step 900 completed
Step 1000 completed
Step 1100 completed
Step 1200 completed
Step 1300 completed
Step 1400 completed
Step 1500 completed
Step 1600 completed
Step 1700 completed
Step 1800 completed
Step 1900 completed
Step 2000 completed
Step 2100 completed
Step 2200 completed
Step 2300 completed
Step 2400 completed
Final force: Fx = 0.256669, Fy = -0.00339696
Cd = 9.126
Simulation finished!
