[DBG] entered solver mode
[DBG] mask loaded
[DBG] mask size validated
Case name: rectangle_circle_20260430_145111
Case dir : data/case_runs/rectangle_circle_20260430_145111
Mask path: data/masks/rectangle_circle.dat
Mask size: 300 x 80
tau   = 0.6
rho0  = 1
Umax  = 0.05
Umean = 0.0333333
Re    = 20
maxSteps        = 3000
coutInterval    = 1000
vtkInterval     = 0
charLength      = 20
[DBG] case header printed
Starting LBM simulation...
Grid: 300 x 80
tau = 0.6, uMax = 0.05
Step 1000 avg Fx = 0.0867796, avg Fy = -0.00463157
