[DBG] entered solver mode
[DBG] mask loaded
[DBG] mask size validated
Case name: ellipse_20260424_225938
Case dir : data/case_runs/ellipse_20260424_225938
Mask path: data/masks/ellipse.dat
Mask size: 300 x 80
tau   = 0.6
rho0  = 1
Umax  = 0.05
Umean = 0.0333333
Re    = 20
maxSteps        = 3000
coutInterval    = 1000
vtkInterval     = 0
charLength      = 20
[DBG] case header printed
Starting LBM simulation...
Grid: 300 x 80
tau = 0.6, uMax = 0.05
Step 1000 avg Fx = 4.21046, avg Fy = -0.317498
Step 2000 avg Fx = 4.55567, avg Fy = -0.58229
Step 3000 avg Fx = 3.70825, avg Fy = -0.472318
[DBG] runCase finished
Final force: Fx = 3.70825, Fy = -0.472318
Cd = 333.742
Cl = -42.5086
Steps done = 3000
Simulation finished!
[DBG] summary printed
[DBG] csv appended
